<?xml version="1.0" encoding="UTF-8"?>
<testng-results ignored="0" total="1" passed="1" failed="0" skipped="0">
  <reporter-output>
  </reporter-output>
  <suite started-at="2024-06-17T13:49:02 IST" name="Default suite" finished-at="2024-06-17T13:50:08 IST" duration-ms="65518">
    <groups>
    </groups>
    <test started-at="2024-06-17T13:49:02 IST" name="Default test" finished-at="2024-06-17T13:50:08 IST" duration-ms="65518">
      <class name="testcases.LoginTestCase">
        <test-method signature="hitUrl()[pri:0, instance:testcases.LoginTestCase@7bd4937b]" started-at="2024-06-17T13:49:03 IST" name="hitUrl" finished-at="2024-06-17T13:50:08 IST" duration-ms="65328" status="PASS">
          <reporter-output>
          </reporter-output>
        </test-method> <!-- hitUrl -->
      </class> <!-- testcases.LoginTestCase -->
    </test> <!-- Default test -->
  </suite> <!-- Default suite -->
</testng-results>
